log4j.logger.com.ibatis.sqlmap.engine.impl.SqlMapClientDelegate=DEBUG
log4j.logger.java.sql.Connection=DEBUG
log4j.logger.java.sql.Statement=DEBUG
log4j.logger.java.sql.PreparedStatement=DEBUG

#config mysql


log4j.appender.database=org.apache.log4j.jdbc.JDBCAppender
log4j.appender.database.layout=org.apache.log4j.PatternLayout
log4j.appender.database.driver=com.mysql.jdbc.Driver
log4j.appender.database.Threshold=error
log4j.appender.database.BufferSize=1
log4j.appender.database.URL=jdbc\:mysql\://42.56.89.228:3306/yross?characterEncoding\=UTF8&zeroDateTimeBehavior\=convertToNull
log4j.appender.database.user=root
log4j.appender.database.password=Yrxt@123
log4j.appender.database.sql= insert into oss_syslog (className,method,createtime,loglevel,msg) VALUES ('%l','%M','%d{yyyy-MM-dd HH:mm:ss}','%p','%m')

#log4j.appender.database=org.apache.log4j.jdbc.JDBCAppender
#log4j.appender.database.layout=org.apache.log4j.PatternLayout
#log4j.appender.database.driver=com.mysql.jdbc.Driver
#log4j.appender.database.Threshold=error
#log4j.appender.database.BufferSize=1
#log4j.appender.database.URL=jdbc\:mysql\://42.56.89.228:3306/yross?characterEncoding\=UTF8&zeroDateTimeBehavior\=convertToNull
#log4j.appender.database.user=root
#log4j.appender.database.password=Yrxt@123
#log4j.appender.database.sql= insert into oos_syslog (classNa
